{"name": "Verify Password Field on Register Page", "status": "failed", "statusDetails": {"message": "AssertionError", "trace": "self = <TESTS.test_register_page.TestRegisterPage object at 0x7faeba4f2610>, registerpage = <PAGES.RegisterPage.RegisterPage object at 0x7faeba8deca0>\nvalue = 'WGNRM3', expected = False\n\n    @allure.title(\"Verify Password Field on Register Page\")\n    @allure.feature(\"Password field error\")\n    @allure.description(\"\"\"\n    Verify the password field on the Register Page with different values.\n    If value is no valid, proper error message should be displayed.\n    \n    Precondition:\n    - User is on the Register Page.\n    \n    Expected Result:\n    - If value is not match with proper requirements for password,\n    an error message should be displayed as specified in 'error'.\n    \"\"\")\n    @allure.severity(Severity.NORMAL)\n    @pytest.mark.parametrize(\"value, expected\", params_register_page_verify_pass_field)\n    def test_register_password_field_validation(self, registerpage, value, expected):\n>       registerpage.register_check_password_field_validation(value, expected)\n\nTESTS/test_register_page.py:93: \n_ _ _ _ _ _ _ _ _ _ _ _ _ _ _ _ _ _ _ _ _ _ _ _ _ _ _ _ _ _ _ _ _ _ _ _ _ _ _ _ _ _ _ _ _ _ _ _ _ _ _ _ _ _ _ _ _ _ _ _ _ _ _ _ _ _ _ _ _ _ _ _ _ _ _ _ \n\nself = <PAGES.RegisterPage.RegisterPage object at 0x7faeba8deca0>, val = 'WGNRM3', expected = False\n\n    def register_check_password_field_validation(self, val, expected):\n        password_errors = [self.registerpage_pass_error_6, self.registerpage_pass_error_incorrect,\n                           self.registerpage_pass_error_32]\n>       assert expected == self.register_field_validation(\"Password field\", self.registerpage_pass_field,\n                                                          val, password_errors)\nE       AssertionError\n\nPAGES/RegisterPage.py:70: AssertionError"}, "description": "\n    Verify the password field on the Register Page with different values.\n    If value is no valid, proper error message should be displayed.\n\n    Precondition:\n    - User is on the Register Page.\n\n    Expected Result:\n    - If value is not match with proper requirements for password,\n    an error message should be displayed as specified in 'error'.\n    ", "steps": [{"name": "Go to site: https://freenance.online/", "status": "passed", "start": 1695567641157, "stop": 1695567643633}, {"name": "Click 'registration link'", "status": "passed", "start": 1695567643633, "stop": 1695567644056}, {"name": "Send WGNRM3 to Password field field", "status": "passed", "start": 1695567644056, "stop": 1695567644468}], "parameters": [{"name": "value", "value": "'WGNRM3'"}, {"name": "expected", "value": "False"}], "start": 1695567641157, "stop": 1695567659563, "uuid": "9258c051-6259-4e36-b29c-7c54f94f40a9", "historyId": "03d64a6190421cd74851caa6c650f3fa", "testCaseId": "66e6f7181972f47dd0aabc35944fe427", "fullName": "TESTS.test_register_page.TestRegisterPage#test_register_password_field_validation", "labels": [{"name": "severity", "value": "normal"}, {"name": "feature", "value": "Password field error"}, {"name": "suite", "value": "Register Page"}, {"name": "parentSuite", "value": "TESTS"}, {"name": "subSuite", "value": "TestRegisterPage"}, {"name": "host", "value": "Fimas-MacBook-Pro.local"}, {"name": "thread", "value": "31885-MainThread"}, {"name": "framework", "value": "pytest"}, {"name": "language", "value": "cpython3"}, {"name": "package", "value": "TESTS.test_register_page"}]}